<?xml version="1.0" encoding="UTF-8"?>
<!-- Generated by org.testng.reporters.JUnitReportReporter -->
<testsuite hostname="LAPTOP-CJBVQPDK" failures="0" tests="1" name="ecom_Project.Flipcart" time="9.690" errors="0" timestamp="2023-08-03T11:11:49 CEST" skipped="0">
  <testcase classname="ecom_Project.Flipcart" name="flipcarttest" time="9.690"/>
  <system-out>
    <![CDATA[opening cromebrowser]]>
  </system-out>
</testsuite> <!-- ecom_Project.Flipcart -->
