<?xml version="1.0" encoding="UTF-8"?>
<!-- Generated by org.testng.reporters.JUnitReportReporter -->
<testsuite hostname="LAPTOP-CJBVQPDK" failures="0" tests="1" name="ecom_Project.Ebay" time="3.030" errors="0" timestamp="2023-08-03T11:11:48 CEST" skipped="0">
  <testcase classname="ecom_Project.Ebay" name="ebaytest" time="3.030"/>
  <system-out>
    <![CDATA[opening cromebrowser]]>
  </system-out>
</testsuite> <!-- ecom_Project.Ebay -->
