<?xml version="1.0" encoding="UTF-8"?>
<!-- Generated by org.testng.reporters.JUnitReportReporter -->
<testsuite hostname="LAPTOP-CJBVQPDK" failures="0" tests="1" name="ecom_Project.Amazon" time="2.551" errors="0" timestamp="2023-08-03T11:11:49 CEST" skipped="0">
  <testcase classname="ecom_Project.Amazon" name="amazontest" time="2.551"/>
  <system-out>
    <![CDATA[opening cromebrowser]]>
  </system-out>
</testsuite> <!-- ecom_Project.Amazon -->
